0.05380558967590332
0.05539870262145996
0.01592397689819336
0.014959096908569336
0.015938997268676758
0.014002323150634766
0.015914201736450195
0.014960765838623047
0.019899845123291016
0.01595139503479004
0.01790165901184082
0.0158083438873291
0.01890730857849121
0.03186845779418945
0.01691126823425293
0.014929056167602539
0.017911195755004883
0.015909671783447266
0.015846967697143555
0.01595902442932129
0.014915704727172852
0.015908241271972656
0.01495981216430664
0.01598191261291504
0.01591014862060547
0.01791095733642578
0.016907215118408203
0.014917612075805664
0.015911340713500977
0.014912128448486328
0.014955997467041016
0.014806985855102539
0.017963647842407227
0.018908023834228516
0.02090144157409668
0.017897367477416992
0.017922639846801758
0.016910076141357422
0.016018390655517578
0.018392324447631836
0.01580643653869629
0.01891040802001953
0.014903545379638672
0.018906593322753906
0.015806198120117188
0.015041112899780273
0.017948150634765625
0.015987873077392578
0.015907764434814453
0.016954898834228516
0.015950918197631836
0.0159149169921875
0.015916824340820312
0.018954992294311523
0.016093015670776367
0.01790785789489746
0.015955448150634766
0.0158236026763916
0.014921903610229492
0.017917633056640625
0.014966249465942383
0.012962579727172852
0.010796308517456055
0.015877485275268555
0.015820741653442383
0.01495981216430664
0.016166210174560547
0.011327981948852539
0.017946720123291016
0.02995014190673828
0.016904592514038086
0.016917705535888672
0.013921260833740234
0.01391911506652832
0.01587057113647461
0.018904685974121094
0.015908241271972656
0.016956806182861328
0.029880046844482422
0.017909765243530273
0.015956878662109375
0.01690506935119629
0.014917135238647461
0.015830039978027344
0.015920639038085938
0.01583385467529297
0.015910625457763672
0.016047239303588867
0.01878833770751953
0.01494598388671875
0.017963409423828125
0.01391458511352539
0.01481938362121582
0.021765708923339844
0.055806636810302734
0.018785715103149414
0.014963626861572266
0.02988290786743164
0.015808820724487305
0.015911102294921875
0.04216599464416504
0.02298736572265625
0.015925884246826172
0.02994847297668457
0.01595759391784668
0.01093602180480957
0.015837669372558594
0.015397787094116211
0.031740427017211914
0.012962102890014648
0.017907142639160156
0.014910221099853516
0.015906095504760742
0.014926433563232422
0.013914823532104492
0.015955686569213867
0.015836238861083984
0.017910242080688477
0.015906572341918945
0.019953012466430664
0.015913724899291992
0.017946481704711914
0.017789363861083984
0.014896154403686523
0.017952442169189453
0.015854358673095703
0.015479326248168945
0.01389932632446289
0.015810489654541016
0.01590585708618164
0.0159151554107666
0.01591205596923828
0.010780811309814453
0.015757083892822266
0.0158693790435791
0.017908573150634766
0.015910625457763672
0.01794743537902832
0.01598048210144043
0.015923738479614258
0.018911123275756836
0.015919208526611328
0.01590704917907715
0.014957427978515625
0.0319671630859375
0.014922142028808594
0.016910552978515625
0.015899658203125
0.030579805374145508
0.016909360885620117
0.014909982681274414
0.01691126823425293
0.015839576721191406
0.017902612686157227
0.012900352478027344
0.01691150665283203
0.015915632247924805
0.01790475845336914
0.013827800750732422
0.0148162841796875
0.016905546188354492
0.015843868255615234
0.01690387725830078
0.01990509033203125
0.016954421997070312
0.014913320541381836
0.01606893539428711
0.01846933364868164
0.01593804359436035
0.02090287208557129
0.012919187545776367
0.013547658920288086
0.016042709350585938
0.01590251922607422
0.014902353286743164
0.013915061950683594
0.013915538787841797
0.016902923583984375
0.014943122863769531
0.017926931381225586
0.01889967918395996
0.01391744613647461
0.018912315368652344
0.015809297561645508
0.01791858673095703
0.015993118286132812
0.015912294387817383
0.01591205596923828
0.02987074851989746
0.017914772033691406
0.017917633056640625
0.016809701919555664
0.0159146785736084
0.015919208526611328
0.015954017639160156
0.017910242080688477
0.018904685974121094
0.021898984909057617
0.014908313751220703
0.01691412925720215
0.07945370674133301
0.29488468170166016
0.016119003295898438
0.03044581413269043
0.015929698944091797
0.030397891998291016
0.03195667266845703
0.031903743743896484
0.01599740982055664
0.047599077224731445
0.015749216079711914
0.062476396560668945
0.015956640243530273
0.03018331527709961
0.015346765518188477
0.04737138748168945
0.015558719635009766
0.041983842849731445
0.031351566314697266
0.045334815979003906
0.03046393394470215
0.030445098876953125
0.030593156814575195
0.06242775917053223
0.03108072280883789
0.0305330753326416
0.030916690826416016
0.031191349029541016
0.03153085708618164
0.015597820281982422
0.03154325485229492
0.01762843132019043
0.03181147575378418
0.015075445175170898
0.031800270080566406
0.031009912490844727
0.03160572052001953
0.031027793884277344
0.03071284294128418
0.0303342342376709
0.03151726722717285
0.031271934509277344
0.015544414520263672
0.031705617904663086
0.016035795211791992
0.015564680099487305
0.022882699966430664
0.2077169418334961
0.10274505615234375
0.10876202583312988
0.12588024139404297
0.10346269607543945
0.03157615661621094
0.031890869140625
0.03188729286193848
0.030160188674926758
0.03143167495727539
0.015349864959716797
0.03151059150695801
0.015813350677490234
0.032171010971069336
0.018982410430908203
0.030817031860351562
0.03183102607727051
0.031138896942138672
0.032158613204956055
0.03153395652770996
0.03074336051940918
0.031252384185791016
0.03184914588928223
0.03168487548828125
0.02979564666748047
0.031529903411865234
0.03217792510986328
0.015410661697387695
0.031607866287231445
0.015511751174926758
0.03174757957458496
0.03071141242980957
0.03213024139404297
0.031708478927612305
0.03172183036804199
0.03134942054748535
0.015185117721557617
0.03160548210144043
0.029794692993164062
0.015526056289672852
0.01622176170349121
0.01622939109802246
0.015240669250488281
0.03156924247741699
0.03167557716369629
0.030671119689941406
0.03139042854309082
0.0317227840423584
0.03138089179992676
0.14319610595703125
0.030675649642944336
0.03157687187194824
0.03177523612976074
